<?xml version="1.0" encoding="UTF-8"?>
<testsuite xmlns:xsi="http://www.w3.org/2001/XMLSchema-instance" xsi:noNamespaceSchemaLocation="https://maven.apache.org/surefire/maven-surefire-plugin/xsd/surefire-test-report-3.0.xsd" version="3.0" name="factorial.FactorialCalculatorTest" time="0.049" tests="4" errors="0" skipped="0" failures="0">
  <properties>
    <property name="sun.desktop" value="windows"/>
    <property name="awt.toolkit" value="sun.awt.windows.WToolkit"/>
    <property name="java.specification.version" value="11"/>
    <property name="sun.cpu.isalist" value="amd64"/>
    <property name="sun.jnu.encoding" value="Cp1251"/>
    <property name="java.class.path" value="E:\Aston\AstonLessons\target\test-classes;E:\Aston\AstonLessons\target\classes;C:\Users\raenq\.m2\repository\org\junit\jupiter\junit-jupiter-api\5.11.0-M2\junit-jupiter-api-5.11.0-M2.jar;C:\Users\raenq\.m2\repository\org\opentest4j\opentest4j\1.3.0\opentest4j-1.3.0.jar;C:\Users\raenq\.m2\repository\org\junit\platform\junit-platform-commons\1.11.0-M2\junit-platform-commons-1.11.0-M2.jar;C:\Users\raenq\.m2\repository\org\apiguardian\apiguardian-api\1.1.2\apiguardian-api-1.1.2.jar;C:\Users\raenq\.m2\repository\org\junit\jupiter\junit-jupiter-engine\5.11.0-M2\junit-jupiter-engine-5.11.0-M2.jar;C:\Users\raenq\.m2\repository\org\junit\platform\junit-platform-engine\1.11.0-M2\junit-platform-engine-1.11.0-M2.jar;C:\Users\raenq\.m2\repository\org\testng\testng\7.10.2\testng-7.10.2.jar;C:\Users\raenq\.m2\repository\org\slf4j\slf4j-api\1.7.36\slf4j-api-1.7.36.jar;C:\Users\raenq\.m2\repository\com\beust\jcommander\1.82\jcommander-1.82.jar;C:\Users\raenq\.m2\repository\org\webjars\jquery\3.7.1\jquery-3.7.1.jar;C:\Users\raenq\.m2\repository\org\junit\jupiter\junit-jupiter-params\5.11.0-M2\junit-jupiter-params-5.11.0-M2.jar;"/>
    <property name="java.vm.vendor" value="Oracle Corporation"/>
    <property name="sun.arch.data.model" value="64"/>
    <property name="user.variant" value=""/>
    <property name="java.vendor.url" value="https://openjdk.java.net/"/>
    <property name="user.timezone" value="Europe/Moscow"/>
    <property name="user.country.format" value="BY"/>
    <property name="java.vm.specification.version" value="11"/>
    <property name="os.name" value="Windows 11"/>
    <property name="sun.java.launcher" value="SUN_STANDARD"/>
    <property name="user.country" value="RU"/>
    <property name="sun.boot.library.path" value="C:\Program Files\Java\jdk-11\bin"/>
    <property name="sun.java.command" value="C:\Users\raenq\AppData\Local\Temp\surefire11013200465367756577\surefirebooter-20240617005853945_3.jar C:\Users\raenq\AppData\Local\Temp\surefire11013200465367756577 2024-06-17T00-58-53_737-jvmRun1 surefire-20240617005853945_1tmp surefire_0-20240617005853945_2tmp"/>
    <property name="jdk.debug" value="release"/>
    <property name="surefire.test.class.path" value="E:\Aston\AstonLessons\target\test-classes;E:\Aston\AstonLessons\target\classes;C:\Users\raenq\.m2\repository\org\junit\jupiter\junit-jupiter-api\5.11.0-M2\junit-jupiter-api-5.11.0-M2.jar;C:\Users\raenq\.m2\repository\org\opentest4j\opentest4j\1.3.0\opentest4j-1.3.0.jar;C:\Users\raenq\.m2\repository\org\junit\platform\junit-platform-commons\1.11.0-M2\junit-platform-commons-1.11.0-M2.jar;C:\Users\raenq\.m2\repository\org\apiguardian\apiguardian-api\1.1.2\apiguardian-api-1.1.2.jar;C:\Users\raenq\.m2\repository\org\junit\jupiter\junit-jupiter-engine\5.11.0-M2\junit-jupiter-engine-5.11.0-M2.jar;C:\Users\raenq\.m2\repository\org\junit\platform\junit-platform-engine\1.11.0-M2\junit-platform-engine-1.11.0-M2.jar;C:\Users\raenq\.m2\repository\org\testng\testng\7.10.2\testng-7.10.2.jar;C:\Users\raenq\.m2\repository\org\slf4j\slf4j-api\1.7.36\slf4j-api-1.7.36.jar;C:\Users\raenq\.m2\repository\com\beust\jcommander\1.82\jcommander-1.82.jar;C:\Users\raenq\.m2\repository\org\webjars\jquery\3.7.1\jquery-3.7.1.jar;C:\Users\raenq\.m2\repository\org\junit\jupiter\junit-jupiter-params\5.11.0-M2\junit-jupiter-params-5.11.0-M2.jar;"/>
    <property name="sun.cpu.endian" value="little"/>
    <property name="user.home" value="C:\Users\raenq"/>
    <property name="user.language" value="ru"/>
    <property name="java.specification.vendor" value="Oracle Corporation"/>
    <property name="java.version.date" value="2023-10-17"/>
    <property name="java.home" value="C:\Program Files\Java\jdk-11"/>
    <property name="file.separator" value="\"/>
    <property name="basedir" value="E:\Aston\AstonLessons"/>
    <property name="java.vm.compressedOopsMode" value="Zero based"/>
    <property name="line.separator" value="&#10;"/>
    <property name="java.specification.name" value="Java Platform API Specification"/>
    <property name="java.vm.specification.vendor" value="Oracle Corporation"/>
    <property name="java.awt.graphicsenv" value="sun.awt.Win32GraphicsEnvironment"/>
    <property name="surefire.real.class.path" value="C:\Users\raenq\AppData\Local\Temp\surefire11013200465367756577\surefirebooter-20240617005853945_3.jar"/>
    <property name="user.script" value=""/>
    <property name="sun.management.compiler" value="HotSpot 64-Bit Tiered Compilers"/>
    <property name="java.runtime.version" value="11.0.21+9-LTS-193"/>
    <property name="user.name" value="RaeN"/>
    <property name="path.separator" value=";"/>
    <property name="os.version" value="10.0"/>
    <property name="java.runtime.name" value="Java(TM) SE Runtime Environment"/>
    <property name="file.encoding" value="Cp1251"/>
    <property name="java.vm.name" value="Java HotSpot(TM) 64-Bit Server VM"/>
    <property name="java.vendor.version" value="18.9"/>
    <property name="localRepository" value="C:\Users\raenq\.m2\repository"/>
    <property name="java.vendor.url.bug" value="https://bugreport.java.com/bugreport/"/>
    <property name="java.io.tmpdir" value="C:\Users\raenq\AppData\Local\Temp\"/>
    <property name="idea.version" value="2024.1.3"/>
    <property name="java.version" value="11.0.21"/>
    <property name="user.dir" value="E:\Aston\AstonLessons"/>
    <property name="os.arch" value="amd64"/>
    <property name="java.vm.specification.name" value="Java Virtual Machine Specification"/>
    <property name="java.awt.printerjob" value="sun.awt.windows.WPrinterJob"/>
    <property name="sun.os.patch.level" value=""/>
    <property name="java.library.path" value="C:\Program Files\Java\jdk-11\bin;C:\WINDOWS\Sun\Java\bin;C:\WINDOWS\system32;C:\WINDOWS;C:\Program Files\Common Files\Oracle\Java\javapath;C:\Program Files (x86)\NVIDIA Corporation\PhysX\Common;E:\VM\bin\;C:\WINDOWS\system32;C:\WINDOWS;C:\WINDOWS\System32\Wbem;C:\WINDOWS\System32\WindowsPowerShell\v1.0\;C:\WINDOWS\System32\OpenSSH\;C:\Program Files\dotnet\;C:\Program Files\nodejs\;C:\ProgramData\chocolatey\bin;C:\Program Files\Git\cmd;C:\Program Files\Java\jdk-11\bin;C:\Program Files\apache-maven-3.9.7\bin;C:\Program Files\Java\chromedriver;C:\Users\raenq\AppData\Local\Programs\Python\Launcher\;C:\Users\raenq\AppData\Local\Programs\Python\Python310\Scripts\;C:\Users\raenq\AppData\Local\Programs\Python\Python310\;C:\Users\raenq\AppData\Local\Microsoft\WindowsApps;C:\Users\raenq\.dotnet\tools;C:\Users\raenq\AppData\Local\Programs\Microsoft VS Code\bin;C:\Users\raenq\AppData\Roaming\npm;C:\Program Files\JetBrains\PyCharm 2023.3.3\bin;;E:\ProgramFiles\IntelliJ IDEA Community Edition 2024.1.1\bin;;C:\Users\raenq\AppData\Local\GitHubDesktop\bin;."/>
    <property name="java.vendor" value="Oracle Corporation"/>
    <property name="java.vm.info" value="mixed mode"/>
    <property name="java.vm.version" value="11.0.21+9-LTS-193"/>
    <property name="java.specification.maintenance.version" value="2"/>
    <property name="sun.io.unicode.encoding" value="UnicodeLittle"/>
    <property name="java.class.version" value="55.0"/>
  </properties>
  <testcase name="testFactorialOfNegativeNumber" classname="factorial.FactorialCalculatorTest" time="0.022"/>
  <testcase name="testFactorialOfPositiveNumber" classname="factorial.FactorialCalculatorTest" time="0.002"/>
  <testcase name="testFactorialOfLargeNumber" classname="factorial.FactorialCalculatorTest" time="0.001"/>
  <testcase name="testFactorialOfZero" classname="factorial.FactorialCalculatorTest" time="0.001"/>
</testsuite>